  1>Building Custom Rule C:/Users/drfam/Desktop/t6/anim/FireSimulation/CMakeLists.txt
  Buffer.cpp
C:\Users\drfam\Desktop\t6\anim\FireSimulation\src\Buffer.cpp(24,93): warning C4267: 'argument': conversion from 'size_t' to 'GLsizei', possible loss of data
C:\Users\drfam\Desktop\t6\anim\FireSimulation\src\Buffer.cpp(24,93): warning C4267: 'argument': conversion from 'size_t' to 'GLint', possible loss of data
C:\Users\drfam\Desktop\t6\anim\FireSimulation\src\Buffer.cpp(24,93): warning C4267: 'argument': conversion from 'size_t' to 'GLuint', possible loss of data
C:\Users\drfam\Desktop\t6\anim\FireSimulation\src\Buffer.cpp(25,30): warning C4267: 'argument': conversion from 'size_t' to 'GLuint', possible loss of data
C:\Users\drfam\Desktop\t6\anim\FireSimulation\src\Buffer.cpp(56,50): warning C4267: 'argument': conversion from 'size_t' to 'GLsizei', possible loss of data
C:\Users\drfam\Desktop\t6\anim\FireSimulation\src\Buffer.cpp(58,32): warning C4267: 'argument': conversion from 'size_t' to 'GLsizei', possible loss of data
  GridSolver.cpp
C:\Users\drfam\Desktop\t6\anim\FireSimulation\src\GridSolver.cpp(74,23): warning C4305: 'initializing': truncation from 'double' to 'float'
C:\Users\drfam\Desktop\t6\anim\FireSimulation\src\GridSolver.cpp(75,25): warning C4305: 'initializing': truncation from 'double' to 'float'
C:\Users\drfam\Desktop\t6\anim\FireSimulation\src\GridSolver.cpp(592,14): warning C4244: 'initializing': conversion from 'double' to 'float', possible loss of data
C:\Users\drfam\Desktop\t6\anim\FireSimulation\src\GridSolver.cpp(593,14): warning C4244: 'initializing': conversion from 'double' to 'float', possible loss of data
C:\Users\drfam\Desktop\t6\anim\FireSimulation\src\GridSolver.cpp(594,14): warning C4244: 'initializing': conversion from 'double' to 'float', possible loss of data
C:\Users\drfam\Desktop\t6\anim\FireSimulation\src\GridSolver.cpp(595,14): warning C4244: 'initializing': conversion from 'double' to 'float', possible loss of data
C:\Users\drfam\Desktop\t6\anim\FireSimulation\src\GridSolver.cpp(597,41): warning C4244: '=': conversion from 'double' to 'GLfloat', possible loss of data
C:\Users\drfam\Desktop\t6\anim\FireSimulation\src\GridSolver.cpp(598,41): warning C4244: '=': conversion from 'double' to 'GLfloat', possible loss of data
C:\Users\drfam\Desktop\t6\anim\FireSimulation\src\GridSolver.cpp(599,41): warning C4244: '=': conversion from 'double' to 'GLfloat', possible loss of data
C:\Users\drfam\Desktop\t6\anim\FireSimulation\src\GridSolver.cpp(611,15): warning C4244: 'initializing': conversion from 'double' to 'float', possible loss of data
C:\Users\drfam\Desktop\t6\anim\FireSimulation\src\GridSolver.cpp(612,15): warning C4244: 'initializing': conversion from 'double' to 'float', possible loss of data
C:\Users\drfam\Desktop\t6\anim\FireSimulation\src\GridSolver.cpp(613,15): warning C4244: 'initializing': conversion from 'double' to 'float', possible loss of data
C:\Users\drfam\Desktop\t6\anim\FireSimulation\src\GridSolver.cpp(614,15): warning C4244: 'initializing': conversion from 'double' to 'float', possible loss of data
C:\Users\drfam\Desktop\t6\anim\FireSimulation\src\GridSolver.cpp(616,37): warning C4244: '=': conversion from 'double' to 'GLfloat', possible loss of data
C:\Users\drfam\Desktop\t6\anim\FireSimulation\src\GridSolver.cpp(617,37): warning C4244: '=': conversion from 'double' to 'GLfloat', possible loss of data
C:\Users\drfam\Desktop\t6\anim\FireSimulation\src\GridSolver.cpp(618,37): warning C4244: '=': conversion from 'double' to 'GLfloat', possible loss of data
C:\Users\drfam\Desktop\t6\anim\FireSimulation\src\GridSolver.cpp(862,68): warning C4244: '=': conversion from 'double' to 'GLfloat', possible loss of data
C:\Users\drfam\Desktop\t6\anim\FireSimulation\src\GridSolver.cpp(863,68): warning C4244: '=': conversion from 'double' to 'GLfloat', possible loss of data
C:\Users\drfam\Desktop\t6\anim\FireSimulation\src\GridSolver.cpp(876,38): warning C4244: 'argument': conversion from 'double' to 'float', possible loss of data
C:\Users\drfam\Desktop\t6\anim\FireSimulation\src\GridSolver.cpp(882,59): warning C4244: 'argument': conversion from 'double' to 'float', possible loss of data
  ShaderProgram.cpp
C:\Users\drfam\Desktop\t6\anim\FireSimulation\src\ShaderProgram.cpp(66,59): warning C4244: 'argument': conversion from 'float' to 'GLint', possible loss of data
  fluid.cpp
C:\Users\drfam\Desktop\t6\anim\FireSimulation\src\fluid.cpp(44,19): warning C4244: 'initializing': conversion from 'double' to 'float', possible loss of data
C:\Users\drfam\Desktop\t6\anim\FireSimulation\src\fluid.cpp(106,28): warning C4244: '=': conversion from 'double' to 'float', possible loss of data
C:\Users\drfam\Desktop\t6\anim\FireSimulation\src\fluid.cpp(108,56): warning C4244: '=': conversion from 'double' to 'float', possible loss of data
C:\Users\drfam\Desktop\t6\anim\FireSimulation\src\fluid.cpp(173,28): warning C4244: '=': conversion from 'double' to 'float', possible loss of data
  imgui.cpp
  imgui_draw.cpp
  imgui_tables.cpp
  imgui_widgets.cpp
  imgui_impl_glfw.cpp
  imgui_impl_opengl3.cpp
  Generating Code...
glew32s.lib(glew.obj) : warning LNK4099: PDB 'vc120.pdb' was not found with 'glew32s.lib(glew.obj)' or at 'C:\Users\drfam\Desktop\t6\anim\FireSimulation\build\Debug\vc120.pdb'; linking object as if no debug info
LINK : warning LNK4098: defaultlib 'LIBCMT' conflicts with use of other libs; use /NODEFAULTLIB:library
LINK : warning LNK4217: symbol '__glewAttachShader' defined in 'glew32s.lib(glew.obj)' is imported by 'ShaderProgram.obj' in function '"public: __cdecl ShaderProgram::ShaderProgram(class std::basic_string<char,struct std::char_traits<char>,class std::allocator<char> >,class std::basic_string<char,struct std::char_traits<char>,class std::allocator<char> >)" (??0ShaderProgram@@QEAA@V?$basic_string@DU?$char_traits@D@std@@V?$allocator@D@2@@std@@0@Z)'
LINK : warning LNK4217: symbol '__glewCompileShader' defined in 'glew32s.lib(glew.obj)' is imported by 'ShaderProgram.obj' in function '"public: __cdecl ShaderProgram::ShaderProgram(class std::basic_string<char,struct std::char_traits<char>,class std::allocator<char> >,class std::basic_string<char,struct std::char_traits<char>,class std::allocator<char> >)" (??0ShaderProgram@@QEAA@V?$basic_string@DU?$char_traits@D@std@@V?$allocator@D@2@@std@@0@Z)'
LINK : warning LNK4217: symbol '__glewCreateProgram' defined in 'glew32s.lib(glew.obj)' is imported by 'ShaderProgram.obj' in function '"public: __cdecl ShaderProgram::ShaderProgram(class std::basic_string<char,struct std::char_traits<char>,class std::allocator<char> >,class std::basic_string<char,struct std::char_traits<char>,class std::allocator<char> >)" (??0ShaderProgram@@QEAA@V?$basic_string@DU?$char_traits@D@std@@V?$allocator@D@2@@std@@0@Z)'
LINK : warning LNK4217: symbol '__glewCreateShader' defined in 'glew32s.lib(glew.obj)' is imported by 'ShaderProgram.obj' in function '"public: __cdecl ShaderProgram::ShaderProgram(class std::basic_string<char,struct std::char_traits<char>,class std::allocator<char> >,class std::basic_string<char,struct std::char_traits<char>,class std::allocator<char> >)" (??0ShaderProgram@@QEAA@V?$basic_string@DU?$char_traits@D@std@@V?$allocator@D@2@@std@@0@Z)'
LINK : warning LNK4217: symbol '__glewDeleteShader' defined in 'glew32s.lib(glew.obj)' is imported by 'ShaderProgram.obj' in function '"public: __cdecl ShaderProgram::ShaderProgram(class std::basic_string<char,struct std::char_traits<char>,class std::allocator<char> >,class std::basic_string<char,struct std::char_traits<char>,class std::allocator<char> >)" (??0ShaderProgram@@QEAA@V?$basic_string@DU?$char_traits@D@std@@V?$allocator@D@2@@std@@0@Z)'
LINK : warning LNK4217: symbol '__glewGetProgramInfoLog' defined in 'glew32s.lib(glew.obj)' is imported by 'ShaderProgram.obj' in function '"public: __cdecl ShaderProgram::ShaderProgram(class std::basic_string<char,struct std::char_traits<char>,class std::allocator<char> >,class std::basic_string<char,struct std::char_traits<char>,class std::allocator<char> >)" (??0ShaderProgram@@QEAA@V?$basic_string@DU?$char_traits@D@std@@V?$allocator@D@2@@std@@0@Z)'
LINK : warning LNK4217: symbol '__glewGetProgramiv' defined in 'glew32s.lib(glew.obj)' is imported by 'ShaderProgram.obj' in function '"public: __cdecl ShaderProgram::ShaderProgram(class std::basic_string<char,struct std::char_traits<char>,class std::allocator<char> >,class std::basic_string<char,struct std::char_traits<char>,class std::allocator<char> >)" (??0ShaderProgram@@QEAA@V?$basic_string@DU?$char_traits@D@std@@V?$allocator@D@2@@std@@0@Z)'
LINK : warning LNK4217: symbol '__glewGetShaderInfoLog' defined in 'glew32s.lib(glew.obj)' is imported by 'ShaderProgram.obj' in function '"public: __cdecl ShaderProgram::ShaderProgram(class std::basic_string<char,struct std::char_traits<char>,class std::allocator<char> >,class std::basic_string<char,struct std::char_traits<char>,class std::allocator<char> >)" (??0ShaderProgram@@QEAA@V?$basic_string@DU?$char_traits@D@std@@V?$allocator@D@2@@std@@0@Z)'
LINK : warning LNK4217: symbol '__glewGetShaderiv' defined in 'glew32s.lib(glew.obj)' is imported by 'ShaderProgram.obj' in function '"public: __cdecl ShaderProgram::ShaderProgram(class std::basic_string<char,struct std::char_traits<char>,class std::allocator<char> >,class std::basic_string<char,struct std::char_traits<char>,class std::allocator<char> >)" (??0ShaderProgram@@QEAA@V?$basic_string@DU?$char_traits@D@std@@V?$allocator@D@2@@std@@0@Z)'
LINK : warning LNK4217: symbol '__glewGetUniformLocation' defined in 'glew32s.lib(glew.obj)' is imported by 'ShaderProgram.obj' in function '"public: void __cdecl ShaderProgram::set_int(class std::basic_string<char,struct std::char_traits<char>,class std::allocator<char> >,int)" (?set_int@ShaderProgram@@QEAAXV?$basic_string@DU?$char_traits@D@std@@V?$allocator@D@2@@std@@H@Z)'
LINK : warning LNK4217: symbol '__glewLinkProgram' defined in 'glew32s.lib(glew.obj)' is imported by 'ShaderProgram.obj' in function '"public: __cdecl ShaderProgram::ShaderProgram(class std::basic_string<char,struct std::char_traits<char>,class std::allocator<char> >,class std::basic_string<char,struct std::char_traits<char>,class std::allocator<char> >)" (??0ShaderProgram@@QEAA@V?$basic_string@DU?$char_traits@D@std@@V?$allocator@D@2@@std@@0@Z)'
LINK : warning LNK4217: symbol '__glewShaderSource' defined in 'glew32s.lib(glew.obj)' is imported by 'ShaderProgram.obj' in function '"public: __cdecl ShaderProgram::ShaderProgram(class std::basic_string<char,struct std::char_traits<char>,class std::allocator<char> >,class std::basic_string<char,struct std::char_traits<char>,class std::allocator<char> >)" (??0ShaderProgram@@QEAA@V?$basic_string@DU?$char_traits@D@std@@V?$allocator@D@2@@std@@0@Z)'
LINK : warning LNK4217: symbol '__glewUniform1i' defined in 'glew32s.lib(glew.obj)' is imported by 'ShaderProgram.obj' in function '"public: void __cdecl ShaderProgram::set_int(class std::basic_string<char,struct std::char_traits<char>,class std::allocator<char> >,int)" (?set_int@ShaderProgram@@QEAAXV?$basic_string@DU?$char_traits@D@std@@V?$allocator@D@2@@std@@H@Z)'
LINK : warning LNK4217: symbol '__glewUniform2fv' defined in 'glew32s.lib(glew.obj)' is imported by 'ShaderProgram.obj' in function '"public: void __cdecl ShaderProgram::set_vec2(class std::basic_string<char,struct std::char_traits<char>,class std::allocator<char> >,struct glm::vec<2,float,0>)" (?set_vec2@ShaderProgram@@QEAAXV?$basic_string@DU?$char_traits@D@std@@V?$allocator@D@2@@std@@U?$vec@$01M$0A@@glm@@@Z)'
LINK : warning LNK4217: symbol '__glewUniform3fv' defined in 'glew32s.lib(glew.obj)' is imported by 'ShaderProgram.obj' in function '"public: void __cdecl ShaderProgram::set_vec3(class std::basic_string<char,struct std::char_traits<char>,class std::allocator<char> >,struct glm::vec<3,float,0>)" (?set_vec3@ShaderProgram@@QEAAXV?$basic_string@DU?$char_traits@D@std@@V?$allocator@D@2@@std@@U?$vec@$02M$0A@@glm@@@Z)'
LINK : warning LNK4217: symbol '__glewUniform4fv' defined in 'glew32s.lib(glew.obj)' is imported by 'ShaderProgram.obj' in function '"public: void __cdecl ShaderProgram::set_vec4(class std::basic_string<char,struct std::char_traits<char>,class std::allocator<char> >,struct glm::vec<4,float,0>)" (?set_vec4@ShaderProgram@@QEAAXV?$basic_string@DU?$char_traits@D@std@@V?$allocator@D@2@@std@@U?$vec@$03M$0A@@glm@@@Z)'
LINK : warning LNK4217: symbol '__glewUniformMatrix2fv' defined in 'glew32s.lib(glew.obj)' is imported by 'ShaderProgram.obj' in function '"public: void __cdecl ShaderProgram::set_mat2(class std::basic_string<char,struct std::char_traits<char>,class std::allocator<char> >,struct glm::mat<2,2,float,0>)" (?set_mat2@ShaderProgram@@QEAAXV?$basic_string@DU?$char_traits@D@std@@V?$allocator@D@2@@std@@U?$mat@$01$01M$0A@@glm@@@Z)'
LINK : warning LNK4217: symbol '__glewUniformMatrix3fv' defined in 'glew32s.lib(glew.obj)' is imported by 'ShaderProgram.obj' in function '"public: void __cdecl ShaderProgram::set_mat3(class std::basic_string<char,struct std::char_traits<char>,class std::allocator<char> >,struct glm::mat<3,3,float,0>)" (?set_mat3@ShaderProgram@@QEAAXV?$basic_string@DU?$char_traits@D@std@@V?$allocator@D@2@@std@@U?$mat@$02$02M$0A@@glm@@@Z)'
LINK : warning LNK4217: symbol '__glewUniformMatrix4fv' defined in 'glew32s.lib(glew.obj)' is imported by 'ShaderProgram.obj' in function '"public: void __cdecl ShaderProgram::set_mat4(class std::basic_string<char,struct std::char_traits<char>,class std::allocator<char> >,struct glm::mat<4,4,float,0>)" (?set_mat4@ShaderProgram@@QEAAXV?$basic_string@DU?$char_traits@D@std@@V?$allocator@D@2@@std@@U?$mat@$03$03M$0A@@glm@@@Z)'
LINK : warning LNK4217: symbol '__glewUseProgram' defined in 'glew32s.lib(glew.obj)' is imported by 'ShaderProgram.obj' in function '"public: void __cdecl ShaderProgram::use(void)" (?use@ShaderProgram@@QEAAXXZ)'
  FireSimulation.vcxproj -> C:\Users\drfam\Desktop\t6\anim\FireSimulation\build\Debug\FireSimulation.exe
